Traceback (most recent call last):
  File "/home/pl217/continualearning/train.py", line 525, in <module>
    train(config_file)
  File "/home/pl217/continualearning/train.py", line 235, in train
    model, config = create_model_and_load_weights(config, use_lora=config.get("use_lora"), lora_config_dict=lora_config_dict)
                    ^^^^^^^^^^^^^^^^^^^^^^^^^^^^^^^^^^^^^^^^^^^^^^^^^^^^^^^^^^^^^^^^^^^^^^^^^^^^^^^^^^^^^^^^^^^^^^^^^^^^^^^^^
  File "/home/pl217/continualearning/model.py", line 589, in create_model_and_load_weights
    model = HopfieldLlama3Model(config)
            ^^^^^^^^^^^^^^^^^^^^^^^^^^^
  File "/home/pl217/continualearning/model.py", line 415, in __init__
    [TransformerBlock(self.config) for _ in range(self.config.n_layers)] # Pass config object
    ^^^^^^^^^^^^^^^^^^^^^^^^^^^^^^^^^^^^^^^^^^^^^^^^^^^^^^^^^^^^^^^^^^^^
  File "/home/pl217/continualearning/model.py", line 415, in <listcomp>
    [TransformerBlock(self.config) for _ in range(self.config.n_layers)] # Pass config object
     ^^^^^^^^^^^^^^^^^^^^^^^^^^^^^
  File "/home/pl217/continualearning/model.py", line 172, in __init__
    self.att = GroupedQueryAttention(cfg)
               ^^^^^^^^^^^^^^^^^^^^^^^^^^
  File "/home/pl217/continualearning/model.py", line 62, in __init__
    d_in = cfg["emb_dim"]
           ~~~^^^^^^^^^^^
TypeError: 'types.SimpleNamespace' object is not subscriptable
